<?xml version="1.0" encoding="UTF-8"?>
<!-- Generated by org.testng.reporters.JUnitReportReporter -->
<testsuite skipped="0" hostname="AHS-MAC-007.local" name="selenium.JenkinsIntegrationTest" tests="1" failures="0" timestamp="01 Aug 2019 06:34:59 GMT" time="4.817" errors="0">
  <testcase name="test" time="4.817" classname="selenium.JenkinsIntegrationTest"/>
</testsuite> <!-- selenium.JenkinsIntegrationTest -->
