<?xml version="1.0" encoding="UTF-8"?>
<!-- Generated by org.testng.reporters.JUnitReportReporter -->
<testsuite skipped="0" hostname="AHS-MAC-007.local" name="selenium.JenkinsIntegrationTest" tests="1" failures="0" timestamp="01 Aug 2019 11:51:47 GMT" time="5.325" errors="0">
  <testcase name="test" time="5.325" classname="selenium.JenkinsIntegrationTest"/>
</testsuite> <!-- selenium.JenkinsIntegrationTest -->
